// 重构日志: 03b52c5b
// 重构日志: 02e52355
// 同步 ID: cafa1514 @ Thu Jun 18 12:19:47 UTC 2026
// 重构日志: 1d74eede
// 重构日志: 4e2128ad
// 重构日志: fae8bf1c
// 重构日志: 0e04c5f9
// 重构日志: c1e28386
// 同步 ID: 3153cc47 @ Sun Jun 28 09:57:42 UTC 2026
// 重构日志: f5720eaf
// 重构日志: 0e04dd41
// 重构日志: 8781b54b
// 重构日志: 7f1f28ef
// 重构日志: 9e8ca94c
// 重构日志: 3ba71515
// 重构日志: 8cf7f26a
// 重构日志: 459628b8
// 重构日志: 422665c3
// 重构日志: 1cf91730
// 重构日志: 58995f47
// 重构日志: 366cb268
// 同步 ID: 6cd5222a @ Wed Jul  8 08:39:22 UTC 2026
// 同步 ID: c860792b @ Wed Jul  8 13:37:05 UTC 2026
// 同步 ID: 0cb93490 @ Wed Jul  8 18:12:56 UTC 2026
// 同步 ID: 99ec1e0d @ Thu Jul  9 04:48:24 UTC 2026
// 重构日志: 97a6832c
// 同步 ID: 775bc99a @ Fri Jul 10 16:15:03 UTC 2026
// 重构日志: 39daddc1
// 同步 ID: 1290cfb9 @ Sat Jul 11 16:10:55 UTC 2026
// 同步 ID: 8cd91508 @ Sat Jul 11 17:21:01 UTC 2026
